[2023-04-09 11:34:48] [[31merror[39m] Error: Error log
    at Object.<anonymous> (C:\Users\vutro\Workspace\node\BackendNodeJs\server.js:53:14)
    at Module._compile (node:internal/modules/cjs/loader:1105:14)
    at Object.Module._extensions..js (node:internal/modules/cjs/loader:1159:10)
    at Module.load (node:internal/modules/cjs/loader:981:32)
    at Function.Module._load (node:internal/modules/cjs/loader:822:12)
    at Function.executeUserEntryPoint [as runMain] (node:internal/modules/run_main:77:12)
    at node:internal/main/run_main_module:17:47
[2023-04-09 11:34:50] [[31merror[39m] Error: Error log
    at Object.<anonymous> (C:\Users\vutro\Workspace\node\BackendNodeJs\server.js:53:14)
    at Module._compile (node:internal/modules/cjs/loader:1105:14)
    at Object.Module._extensions..js (node:internal/modules/cjs/loader:1159:10)
    at Module.load (node:internal/modules/cjs/loader:981:32)
    at Function.Module._load (node:internal/modules/cjs/loader:822:12)
    at Function.executeUserEntryPoint [as runMain] (node:internal/modules/run_main:77:12)
    at node:internal/main/run_main_module:17:47
[2023-04-09 11:34:50] [[32minfo[39m] Info log %
[2023-04-09 11:34:50] [[33mwarn[39m] Warning log
[2023-04-09 11:34:50] [[31merror[39m] Error: Error log
    at Object.<anonymous> (C:\Users\vutro\Workspace\node\BackendNodeJs\server.js:53:14)
    at Module._compile (node:internal/modules/cjs/loader:1105:14)
    at Object.Module._extensions..js (node:internal/modules/cjs/loader:1159:10)
    at Module.load (node:internal/modules/cjs/loader:981:32)
    at Function.Module._load (node:internal/modules/cjs/loader:822:12)
    at Function.executeUserEntryPoint [as runMain] (node:internal/modules/run_main:77:12)
    at node:internal/main/run_main_module:17:47
[2023-04-09 11:37:11] [[31merror[39m] Error: Error log
    at Object.<anonymous> (C:\Users\vutro\Workspace\node\BackendNodeJs\server.js:53:14)
    at Module._compile (node:internal/modules/cjs/loader:1105:14)
    at Object.Module._extensions..js (node:internal/modules/cjs/loader:1159:10)
    at Module.load (node:internal/modules/cjs/loader:981:32)
    at Function.Module._load (node:internal/modules/cjs/loader:822:12)
    at Function.executeUserEntryPoint [as runMain] (node:internal/modules/run_main:77:12)
    at node:internal/main/run_main_module:17:47
[2023-04-09 11:37:16] [[32minfo[39m] Info log %
[2023-04-09 11:37:16] [[33mwarn[39m] Warning log
[2023-04-09 11:37:16] [[31merror[39m] Error: Error log
    at Object.<anonymous> (C:\Users\vutro\Workspace\node\BackendNodeJs\server.js:53:14)
    at Module._compile (node:internal/modules/cjs/loader:1105:14)
    at Object.Module._extensions..js (node:internal/modules/cjs/loader:1159:10)
    at Module.load (node:internal/modules/cjs/loader:981:32)
    at Function.Module._load (node:internal/modules/cjs/loader:822:12)
    at Function.executeUserEntryPoint [as runMain] (node:internal/modules/run_main:77:12)
    at node:internal/main/run_main_module:17:47
undefined
undefined
undefined
undefined
undefined
undefined
[2023-04-09 11:41:49] [[32minfo[39m] [winston][my_function] Info log %
[2023-04-09 11:41:49] [[33mwarn[39m] [winston][my_function] Warning log
[2023-04-09 11:41:49] [[31merror[39m] [winston][my_function] Error log
[2023-04-09 11:43:34] [[32minfo[39m] [winston][my_function] Info log %
[2023-04-09 11:43:34] [[33mwarn[39m] [winston][my_function] Warning log
[2023-04-09 11:43:34] [[31merror[39m] [winston][my_function] Error log
[2023-04-09 11:43:38] [[32minfo[39m] [winston][my_function] Info log %
[2023-04-09 11:43:38] [[33mwarn[39m] [winston][my_function] Warning log
[2023-04-09 11:43:38] [[31merror[39m] [winston][my_function] Error log
[2023-04-09 11:43:42] [[32minfo[39m] [winston][my_function] Info log %
[2023-04-09 11:43:42] [[33mwarn[39m] [winston][my_function] Warning log
[2023-04-09 11:43:42] [[31merror[39m] [winston][my_function] Error log
[2023-04-09 11:43:43] [[32minfo[39m] [winston][my_function] 
[2023-04-09 11:43:47] [[32minfo[39m] [winston][my_function] Info log %
[2023-04-09 11:43:47] [[33mwarn[39m] [winston][my_function] Warning log
[2023-04-09 11:43:47] [[31merror[39m] [winston][my_function] Error log
[2023-04-09 11:43:49] [[32minfo[39m] [winston][my_function] Info log %
[2023-04-09 11:43:49] [[33mwarn[39m] [winston][my_function] Warning log
[2023-04-09 11:43:49] [[31merror[39m] [winston][my_function] Error log
[2023-04-09 11:43:49] [[32minfo[39m] [winston][my_function] Connected to mongoDB
[2023-04-09 11:44:24] [[32minfo[39m] [winston][my_function] Info log %
[2023-04-09 11:44:24] [[33mwarn[39m] [winston][my_function] Warning log
[2023-04-09 11:44:24] [[31merror[39m] [winston][my_function] Error log
[2023-04-09 11:44:25] [[32minfo[39m] [winston][my_function] Connected to mongoDB
[2023-04-09 11:46:42] [[32minfo[39m] [winston][my_function] Info log %
[2023-04-09 11:46:42] [[33mwarn[39m] [winston][my_function] Warning log
[2023-04-09 11:46:42] [[31merror[39m] [winston][my_function] Error log
[2023-04-09 11:46:43] [[32minfo[39m] [winston][my_function] [winston][my_function] Connected to mongoDB
[2023-04-09 11:47:44] [[32minfo[39m] [winston][my_function] Info log %
[2023-04-09 11:47:44] [[33mwarn[39m] [winston][my_function] Warning log
[2023-04-09 11:47:44] [[31merror[39m] [winston][my_function] Error log
[2023-04-09 11:48:07] [[32minfo[39m] [winston][my_function] Info log %
[2023-04-09 11:48:07] [[33mwarn[39m] [winston][my_function] Warning log
[2023-04-09 11:48:07] [[31merror[39m] [winston][my_function] Error log
[2023-04-09 11:48:08] [[32minfo[39m] [winston][my_function] [server][my_function] Connected to mongoDB
[2023-04-09 11:48:38] [[32minfo[39m]  Info log %
[2023-04-09 11:48:38] [[33mwarn[39m]  Warning log
[2023-04-09 11:48:38] [[31merror[39m]  Error log
[2023-04-09 11:48:39] [[32minfo[39m]  [server][my_function] Connected to mongoDB
[2023-04-09 11:48:48] [[32minfo[39m] Info log %
[2023-04-09 11:48:48] [[33mwarn[39m] Warning log
[2023-04-09 11:48:48] [[31merror[39m] Error log
[2023-04-09 11:48:49] [[32minfo[39m] [server][my_function] Connected to mongoDB
undefined
undefined
undefined
undefined
[2023-04-09 11:49:22] [[32minfo[39m] Info log %
[2023-04-09 11:49:22] [[33mwarn[39m] Warning log
[2023-04-09 11:49:22] [[31merror[39m] Error: Error log
    at Object.<anonymous> (C:\Users\vutro\Workspace\node\BackendNodeJs\server.js:55:14)
    at Module._compile (node:internal/modules/cjs/loader:1105:14)
    at Object.Module._extensions..js (node:internal/modules/cjs/loader:1159:10)
    at Module.load (node:internal/modules/cjs/loader:981:32)
    at Function.Module._load (node:internal/modules/cjs/loader:822:12)
    at Function.executeUserEntryPoint [as runMain] (node:internal/modules/run_main:77:12)
    at node:internal/main/run_main_module:17:47
[2023-04-09 11:49:23] [[32minfo[39m] [server][my_function] Connected to mongoDB
[2023-04-09 12:05:50] [[32minfo[39m] Server started on port 8080
[2023-04-09 12:05:50] [[33mwarn[39m] Warning log
[2023-04-09 12:05:50] [[31merror[39m] Error: Error log
    at Object.<anonymous> (C:\Users\vutro\Workspace\node\BackendNodeJs\server.js:55:14)
    at Module._compile (node:internal/modules/cjs/loader:1105:14)
    at Object.Module._extensions..js (node:internal/modules/cjs/loader:1159:10)
    at Module.load (node:internal/modules/cjs/loader:981:32)
    at Function.Module._load (node:internal/modules/cjs/loader:822:12)
    at Function.executeUserEntryPoint [as runMain] (node:internal/modules/run_main:77:12)
    at node:internal/main/run_main_module:17:47
[2023-04-09 12:05:51] [[32minfo[39m] [server][my_function] Connected to mongoDB
[2023-04-09 12:05:53] [[32minfo[39m] Server started on port 8080
[2023-04-09 12:05:54] [[32minfo[39m] [server][my_function] Connected to mongoDB
[2023-04-09 12:05:57] [[32minfo[39m] Server started on port 8080
[2023-04-09 12:05:58] [[32minfo[39m] [server][my_function] Connected to mongoDB
[2023-04-09 12:06:29] [[32minfo[39m] [server]Server started on port 8080
[2023-04-09 12:06:30] [[32minfo[39m] [server] Server started on port 8080
[2023-04-09 12:06:31] [[32minfo[39m] [server][my_function] Connected to mongoDB
[2023-04-09 16:07:25] [[32minfo[39m] [server] Server started on port 8080
[2023-04-09 16:07:26] [[32minfo[39m] [server][my_function] Connected to mongoDB
[2023-04-09 16:07:45] [[32minfo[39m] [server] Server started on port 8080
[2023-04-09 16:07:46] [[32minfo[39m] [server][my_function] Connected to mongoDB
[2023-04-09 16:11:12] [[32minfo[39m] [server] Server started on port 8080
[2023-04-09 16:11:14] [[32minfo[39m] [server][my_function] Connected to mongoDB
[2023-04-09 16:11:15] [[32minfo[39m] [server] Server started on port 8080
[2023-04-09 16:11:16] [[32minfo[39m] [server][my_function] Connected to mongoDB
[2023-04-09 16:11:42] [[32minfo[39m] [server] Server started on port 8080
[2023-04-09 16:11:42] [[32minfo[39m] [server][my_function] Connected to mongoDB
[2023-04-09 16:11:43] [[32minfo[39m] [server] Server started on port 8080
[2023-04-09 16:11:44] [[32minfo[39m] [server][my_function] Connected to mongoDB
[2023-04-09 16:12:04] [[34mdebug[39m] rules.find
[2023-04-09 16:13:36] [[32minfo[39m] [server] Server started on port 8080
[2023-04-09 16:13:37] [[32minfo[39m] [server][my_function] Connected to mongoDB
[2023-04-09 16:13:43] [[32minfo[39m] [server] Server started on port 8080
[2023-04-09 16:14:11] [[32minfo[39m] [server] Server started on port 8080
[2023-04-09 16:14:13] [[32minfo[39m] [server] Server started on port 8080
[2023-04-09 16:14:13] [[32minfo[39m] [server][my_function] Connected to mongoDB
[2023-04-09 16:14:22] [[32minfo[39m] [2023-04-09T09:14:22.144Z] GET /rules
[2023-04-09 16:14:22] [[34mdebug[39m] rules.find
[2023-04-09 16:17:34] [[32minfo[39m] [server] Server started on port 8080
[2023-04-09 16:17:36] [[32minfo[39m] [server][my_function] Connected to mongoDB
[2023-04-09 16:18:35] [[32minfo[39m] [server] Server started on port 8080
[2023-04-09 16:18:35] [[32minfo[39m] [server][my_function] Connected to mongoDB
[2023-04-09 16:58:44] [[32minfo[39m] [server] Server started on port 8080
[2023-04-09 16:58:45] [[32minfo[39m] [server][my_function] Connected to mongoDB
[2023-04-09 16:58:50] [[32minfo[39m] [server] Server started on port 8080
[2023-04-09 16:58:51] [[32minfo[39m] [server][my_function] Connected to mongoDB
[2023-04-09 16:58:54] [[32minfo[39m] [server] Server started on port 8080
[2023-04-09 16:58:54] [[32minfo[39m] [server][my_function] Connected to mongoDB
[2023-04-09 16:58:59] [[32minfo[39m] [server] Server started on port 8080
[2023-04-09 16:58:59] [[32minfo[39m] [server][my_function] Connected to mongoDB
[2023-04-09 16:59:20] [[32minfo[39m] [server] Server started on port 8080
[2023-04-09 16:59:21] [[32minfo[39m] [server] Server started on port 8080
[2023-04-09 16:59:22] [[32minfo[39m] [server][my_function] Connected to mongoDB
[2023-04-09 17:00:09] [[32minfo[39m] [server] Server started on port 8080
[2023-04-09 17:00:10] [[32minfo[39m] [server] Server started on port 8080
[2023-04-09 17:00:11] [[32minfo[39m] [server][my_function] Connected to mongoDB
[2023-04-09 17:00:29] [[32minfo[39m] [server] Server started on port 8080
[2023-04-09 17:00:30] [[32minfo[39m] [server][my_function] Connected to mongoDB
[2023-04-09 17:00:31] [[32minfo[39m] [server] Server started on port 8080
[2023-04-09 17:00:32] [[32minfo[39m] [server][my_function] Connected to mongoDB
[2023-04-09 17:00:37] [[32minfo[39m] [server] Server started on port 8080
[2023-04-09 17:00:38] [[32minfo[39m] [server] Server started on port 8080
[2023-04-09 17:00:39] [[32minfo[39m] [server][my_function] Connected to mongoDB
[2023-04-09 17:00:43] [[32minfo[39m] [server] Server started on port 8080
[2023-04-09 17:00:44] [[32minfo[39m] [server][my_function] Connected to mongoDB
[2023-04-09 17:00:46] [[32minfo[39m] [server] Server started on port 8080
[2023-04-09 17:00:47] [[32minfo[39m] [server][my_function] Connected to mongoDB
[2023-04-09 17:00:49] [[32minfo[39m] [server] Server started on port 8080
[2023-04-09 17:00:50] [[32minfo[39m] [server][my_function] Connected to mongoDB
[2023-04-09 17:00:52] [[32minfo[39m] [server] Server started on port 8080
[2023-04-09 17:00:53] [[32minfo[39m] [server] Server started on port 8080
[2023-04-09 17:00:53] [[32minfo[39m] [server][my_function] Connected to mongoDB
[2023-04-09 17:01:00] [[32minfo[39m] [server] Server started on port 8080
[2023-04-09 17:01:01] [[32minfo[39m] [server][my_function] Connected to mongoDB
[2023-04-09 17:01:10] [[32minfo[39m] [server] Server started on port 8080
[2023-04-09 17:01:11] [[32minfo[39m] [server][my_function] Connected to mongoDB
[2023-04-09 17:01:12] [[32minfo[39m] [server] Server started on port 8080
[2023-04-09 17:01:13] [[32minfo[39m] [server][my_function] Connected to mongoDB
[2023-04-09 17:01:22] [[32minfo[39m] [server] Server started on port 8080
[2023-04-09 17:01:23] [[32minfo[39m] [server][my_function] Connected to mongoDB
[2023-04-09 17:01:54] [[32minfo[39m] [server] Server started on port 8080
[2023-04-09 17:01:55] [[32minfo[39m] [server][my_function] Connected to mongoDB
[2023-04-09 17:02:26] [[32minfo[39m] [server] Server started on port 8080
[2023-04-09 17:02:26] [[32minfo[39m] [server][my_function] Connected to mongoDB
[2023-04-09 17:02:30] [[32minfo[39m] [server] Server started on port 8080
[2023-04-09 17:02:31] [[32minfo[39m] [server][my_function] Connected to mongoDB
[2023-04-09 17:02:33] [[32minfo[39m] [server] Server started on port 8080
[2023-04-09 17:02:35] [[32minfo[39m] [server] Server started on port 8080
[2023-04-09 17:02:36] [[32minfo[39m] [server][my_function] Connected to mongoDB
[2023-04-09 17:02:41] [[32minfo[39m] [server] Server started on port 8080
[2023-04-09 17:02:42] [[32minfo[39m] [server][my_function] Connected to mongoDB
[2023-04-09 17:03:09] [[32minfo[39m] [server] Server started on port 8080
[2023-04-09 17:03:09] [[32minfo[39m] [server][my_function] Connected to mongoDB
[2023-04-09 17:03:20] [[32minfo[39m] [server] Server started on port 8080
[2023-04-09 17:03:21] [[32minfo[39m] [server".js"][my_function] Connected to mongoDB
[2023-04-09 17:03:28] [[32minfo[39m] [server] Server started on port 8080
[2023-04-09 17:03:29] [[32minfo[39m] [server .js"][my_function] Connected to mongoDB
[2023-04-09 17:03:30] [[32minfo[39m] [server] Server started on port 8080
[2023-04-09 17:03:30] [[32minfo[39m] [server .js][my_function] Connected to mongoDB
[2023-04-09 17:03:35] [[32minfo[39m] [server] Server started on port 8080
[2023-04-09 17:03:35] [[32minfo[39m] [server.js][my_function] Connected to mongoDB
[2023-04-09 17:04:15] [[32minfo[39m] [server] Server started on port 8080
[2023-04-09 17:04:16] [[32minfo[39m] [server.js][my_function] Connected to mongoDB
[2023-04-09 17:04:19] [[32minfo[39m] [server] Server started on port 8080
[2023-04-09 17:04:20] [[32minfo[39m] [server] Server started on port 8080
[2023-04-09 17:04:20] [[32minfo[39m] [server.js][my_function] Connected to mongoDB
[2023-04-09 17:04:38] [[32minfo[39m] [server] Server started on port 8080
[2023-04-09 17:04:39] [[32minfo[39m] [server.js][my_function] Connected to mongoDB
[2023-04-09 17:04:43] [[32minfo[39m] [server] Server started on port 8080
[2023-04-09 17:04:43] [[32minfo[39m] [server.js][my_function] Connected to mongoDB
[2023-04-09 17:04:47] [[32minfo[39m] [server] Server started on port 8080
[2023-04-09 17:04:48] [[32minfo[39m] [server.js][my_function] Connected to mongoDB
[2023-04-09 17:04:51] [[32minfo[39m] [server] Server started on port 8080
[2023-04-09 17:04:52] [[32minfo[39m] [server.js][my_function] Connected to mongoDB
[2023-04-09 17:05:10] [[32minfo[39m] [server] Server started on port 8080
[2023-04-09 17:05:11] [[32minfo[39m] [server.js][my_function] Connected to mongoDB
[2023-04-09 17:05:13] [[32minfo[39m] [server] Server started on port 8080
[2023-04-09 17:05:14] [[32minfo[39m] [server.js][my_function] Connected to mongoDB
[2023-04-09 17:05:35] [[32minfo[39m] [server] Server started on port 8080
[2023-04-09 17:05:36] [[32minfo[39m] [server.js][my_function] Connected to mongoDB
[2023-04-09 17:05:45] [[32minfo[39m] [server] Server started on port 8080
[2023-04-09 17:05:45] [[32minfo[39m] [server.js][my_function] Connected to mongoDB
[2023-04-09 17:05:47] [[32minfo[39m] [server] Server started on port 8080
[2023-04-09 17:05:48] [[32minfo[39m] [server.js][my_function] Connected to mongoDB
[2023-04-09 17:05:55] [[32minfo[39m] [server] Server started on port 8080
[2023-04-09 17:06:31] [[32minfo[39m] [server] Server started on port 8080
[2023-04-09 17:06:32] [[32minfo[39m] [server] Server started on port 8080
[2023-04-09 17:06:38] [[32minfo[39m] [server.js][my_function] Connected to mongoDB
[2023-04-09 17:08:03] [[32minfo[39m] [server] Server started on port 8080
[2023-04-09 17:08:07] [[32minfo[39m] [server] Server started on port 8080
[2023-04-09 17:08:10] [[32minfo[39m] [server] Server started on port 8080
[2023-04-09 17:08:32] [[32minfo[39m] [server] Server started on port 8080
[2023-04-09 17:08:53] [[32minfo[39m] [server] Server started on port 8080
[2023-04-09 17:08:59] [[32minfo[39m] [server] Server started on port 8080
[2023-04-09 17:09:02] [[32minfo[39m] [server] Server started on port 8080
[2023-04-09 17:09:18] [[32minfo[39m] [server] Server started on port 8080
[2023-04-09 17:09:19] [[31merror[39m] [mongodb.js][onError] MongoDB Atlas connection error: TypeError: Cannot create property 'Symbol(level)' on string '[mongodb.js][onConnected] Connected to mongoDB  Atlas!'
[2023-04-09 17:10:13] [[32minfo[39m] [server] Server started on port 8080
[2023-04-09 17:10:14] [[32minfo[39m] [mongodb.js][onConnected] Connected to mongoDB  Atlas!
[2023-04-09 17:14:22] [[32minfo[39m] [2023-04-09T10:14:22.528Z] GET /rules
[2023-04-09 17:14:22] [[34mdebug[39m] rules.find
[2023-04-09 17:17:06] [[32minfo[39m] [2023-04-09T10:17:06.326Z] GET /rules/
[2023-04-09 17:17:06] [[34mdebug[39m] rules.find
[2023-04-09 17:17:10] [[32minfo[39m] [2023-04-09T10:17:10.372Z] GET /rules/3
[2023-04-09 17:18:35] [[32minfo[39m] [server] Server started on port 8080
[2023-04-09 17:18:36] [[32minfo[39m] [mongodb.js][onConnected] Connected to mongoDB  Atlas!
[2023-04-09 17:18:37] [[32minfo[39m] [server] Server started on port 8080
[2023-04-09 17:18:38] [[32minfo[39m] [mongodb.js][onConnected] Connected to mongoDB  Atlas!
[2023-04-09 17:18:52] [[32minfo[39m] [server] Server started on port 8080
[2023-04-09 17:18:53] [[32minfo[39m] [mongodb.js][onConnected] Connected to mongoDB  Atlas!
[2023-04-09 17:18:56] [[32minfo[39m] [server] Server started on port 8080
[2023-04-09 17:18:59] [[32minfo[39m] [server] Server started on port 8080
[2023-04-09 17:19:00] [[32minfo[39m] [mongodb.js][onConnected] Connected to mongoDB  Atlas!
[2023-04-09 17:19:01] [[32minfo[39m] [server] Server started on port 8080
[2023-04-09 17:19:02] [[32minfo[39m] [mongodb.js][onConnected] Connected to mongoDB  Atlas!
[2023-04-09 17:19:04] [[32minfo[39m] [server] Server started on port 8080
[2023-04-09 17:19:04] [[32minfo[39m] [mongodb.js][onConnected] Connected to mongoDB  Atlas!
[2023-04-09 17:19:05] [[32minfo[39m] [server] Server started on port 8080
[2023-04-09 17:19:06] [[32minfo[39m] [mongodb.js][onConnected] Connected to mongoDB  Atlas!
[2023-04-09 17:19:16] [[32minfo[39m] [server] Server started on port 8080
[2023-04-09 17:19:17] [[32minfo[39m] [mongodb.js][onConnected] Connected to mongoDB  Atlas!
[2023-04-09 17:19:28] [[32minfo[39m] [server] Server started on port 8080
[2023-04-09 17:19:28] [[32minfo[39m] [mongodb.js][onConnected] Connected to mongoDB  Atlas!
[2023-04-09 17:19:37] [[32minfo[39m] [server] Server started on port 8080
[2023-04-09 17:19:38] [[32minfo[39m] [server] Server started on port 8080
[2023-04-09 17:19:39] [[32minfo[39m] [mongodb.js][onConnected] Connected to mongoDB  Atlas!
[2023-04-09 17:20:06] [[32minfo[39m] [server] Server started on port 8080
[2023-04-09 17:20:07] [[32minfo[39m] [mongodb.js][onConnected] Connected to mongoDB  Atlas!
[2023-04-09 17:20:13] [[32minfo[39m] [server] Server started on port 8080
[2023-04-09 17:20:13] [[32minfo[39m] [mongodb.js][onConnected] Connected to mongoDB  Atlas!
[2023-04-09 17:20:23] [[32minfo[39m] [server] Server started on port 8080
[2023-04-09 17:20:23] [[32minfo[39m] [mongodb.js][onConnected] Connected to mongoDB  Atlas!
[2023-04-09 17:20:31] [[32minfo[39m] [server] Server started on port 8080
[2023-04-09 17:20:32] [[32minfo[39m] [mongodb.js][onConnected] Connected to mongoDB  Atlas!
[2023-04-09 17:20:35] [[32minfo[39m] [2023-04-09T10:20:35.873Z] GET /rules/3
[2023-04-09 17:21:13] [[32minfo[39m] [server] Server started on port 8080
[2023-04-09 17:21:13] [[32minfo[39m] [mongodb.js][onConnected] Connected to mongoDB  Atlas!
[2023-04-09 17:21:17] [[32minfo[39m] [2023-04-09T10:21:17.684Z] GET /rules/3
[2023-04-09 17:21:26] [[32minfo[39m] [server] Server started on port 8080
[2023-04-09 17:21:27] [[32minfo[39m] [mongodb.js][onConnected] Connected to mongoDB  Atlas!
[2023-04-09 17:21:30] [[32minfo[39m] [2023-04-09T10:21:30.509Z] GET /rules/3
[2023-04-09 17:21:39] [[32minfo[39m] [server] Server started on port 8080
[2023-04-09 17:21:39] [[32minfo[39m] [mongodb.js][onConnected] Connected to mongoDB  Atlas!
[2023-04-09 17:21:47] [[32minfo[39m] [server] Server started on port 8080
[2023-04-09 17:21:48] [[32minfo[39m] [mongodb.js][onConnected] Connected to mongoDB  Atlas!
[2023-04-09 17:21:49] [[32minfo[39m] [server] Server started on port 8080
[2023-04-09 17:21:49] [[32minfo[39m] [mongodb.js][onConnected] Connected to mongoDB  Atlas!
[2023-04-09 17:21:52] [[32minfo[39m] [2023-04-09T10:21:52.263Z] GET /rules/3
[2023-04-09 17:21:52] [[31merror[39m] [ruleController.js][getById] error: CastError: Cast to ObjectId failed for value "3" (type string) at path "_id" for model "rules"
[2023-04-09 17:28:58] [[32minfo[39m] [mongodb.js][onConnected] Connected to mongoDB  Atlas!
[2023-04-09 17:28:58] [[33mwarn[39m] [mongodb.js][onReconnected] MongoDB Atlas reconnected!
[2023-04-09 17:29:50] [[32minfo[39m] [server] Server started on port 8080
[2023-04-09 17:29:51] [[32minfo[39m] [mongodb.js][onConnected] Connected to mongoDB  Atlas!
[2023-04-09 18:09:28] [[32minfo[39m] [server] Server started on port 8080
[2023-04-09 18:09:29] [[32minfo[39m] [mongodb.js][onConnected] Connected to mongoDB  Atlas!
[2023-04-09 18:25:35] [[32minfo[39m] [server] Server started on port 8080
[2023-04-09 18:25:36] [[32minfo[39m] [mongodb.js][onConnected] Connected to mongoDB  Atlas!
[2023-04-09 18:26:05] [[32minfo[39m] [server] Server started on port 8080
[2023-04-09 18:26:06] [[32minfo[39m] [mongodb.js][onConnected] Connected to mongoDB  Atlas!
[2023-04-09 18:26:16] [[32minfo[39m] [server] Server started on port 8080
[2023-04-09 18:26:17] [[32minfo[39m] [mongodb.js][onConnected] Connected to mongoDB  Atlas!
[2023-04-09 18:26:26] [[32minfo[39m] [server] Server started on port 8080
[2023-04-09 18:26:27] [[32minfo[39m] [mongodb.js][onConnected] Connected to mongoDB  Atlas!
[2023-04-09 18:26:37] [[32minfo[39m] [server] Server started on port 8080
[2023-04-09 18:26:38] [[32minfo[39m] [mongodb.js][onConnected] Connected to mongoDB  Atlas!
[2023-04-09 18:26:42] [[32minfo[39m] [server] Server started on port 8080
[2023-04-09 18:26:42] [[32minfo[39m] [mongodb.js][onConnected] Connected to mongoDB  Atlas!
[2023-04-09 18:26:50] [[32minfo[39m] [server] Server started on port 8080
[2023-04-09 18:26:51] [[32minfo[39m] [mongodb.js][onConnected] Connected to mongoDB  Atlas!
[2023-04-09 18:26:58] [[32minfo[39m] [server] Server started on port 8080
[2023-04-09 18:26:59] [[32minfo[39m] [mongodb.js][onConnected] Connected to mongoDB  Atlas!
[2023-04-09 18:27:01] [[32minfo[39m] [server] Server started on port 8080
[2023-04-09 18:27:01] [[32minfo[39m] [mongodb.js][onConnected] Connected to mongoDB  Atlas!
[2023-04-09 18:27:03] [[32minfo[39m] [server] Server started on port 8080
[2023-04-09 18:27:04] [[32minfo[39m] [mongodb.js][onConnected] Connected to mongoDB  Atlas!
[2023-04-09 18:27:08] [[32minfo[39m] [server] Server started on port 8080
[2023-04-09 18:27:12] [[32minfo[39m] [server] Server started on port 8080
[2023-04-09 18:27:13] [[32minfo[39m] [mongodb.js][onConnected] Connected to mongoDB  Atlas!
[2023-04-09 18:27:21] [[32minfo[39m] [server] Server started on port 8080
[2023-04-09 18:27:22] [[32minfo[39m] [mongodb.js][onConnected] Connected to mongoDB  Atlas!
[2023-04-09 18:27:39] [[32minfo[39m] [server] Server started on port 8080
[2023-04-09 18:27:40] [[32minfo[39m] [mongodb.js][onConnected] Connected to mongoDB  Atlas!
[2023-04-09 18:27:46] [[32minfo[39m] [server] Server started on port 8080
[2023-04-09 18:27:47] [[32minfo[39m] [mongodb.js][onConnected] Connected to mongoDB  Atlas!
[2023-04-09 18:27:49] [[32minfo[39m] [server] Server started on port 8080
[2023-04-09 18:27:50] [[32minfo[39m] [mongodb.js][onConnected] Connected to mongoDB  Atlas!
[2023-04-09 18:27:52] [[32minfo[39m] [server] Server started on port 8080
[2023-04-09 18:27:53] [[32minfo[39m] [mongodb.js][onConnected] Connected to mongoDB  Atlas!
[2023-04-09 18:27:58] [[32minfo[39m] [server] Server started on port 8080
[2023-04-09 18:27:59] [[32minfo[39m] [mongodb.js][onConnected] Connected to mongoDB  Atlas!
[2023-04-09 18:28:04] [[32minfo[39m] [server] Server started on port 8080
[2023-04-09 18:28:05] [[32minfo[39m] [mongodb.js][onConnected] Connected to mongoDB  Atlas!
[2023-04-09 18:28:29] [[32minfo[39m] [server] Server started on port 8080
[2023-04-09 18:28:30] [[32minfo[39m] [mongodb.js][onConnected] Connected to mongoDB  Atlas!
[2023-04-09 18:28:31] [[32minfo[39m] [server] Server started on port 8080
[2023-04-09 18:28:33] [[32minfo[39m] [server] Server started on port 8080
[2023-04-09 18:28:34] [[32minfo[39m] [mongodb.js][onConnected] Connected to mongoDB  Atlas!
[2023-04-09 18:29:22] [[32minfo[39m] [server] Server started on port 8080
[2023-04-09 18:29:23] [[32minfo[39m] [mongodb.js][onConnected] Connected to mongoDB  Atlas!
[2023-04-09 18:29:25] [[32minfo[39m] [server] Server started on port 8080
[2023-04-09 18:29:26] [[32minfo[39m] [mongodb.js][onConnected] Connected to mongoDB  Atlas!
[2023-04-09 18:29:38] [[32minfo[39m] [server] Server started on port 8080
[2023-04-09 18:29:39] [[32minfo[39m] [mongodb.js][onConnected] Connected to mongoDB  Atlas!
[2023-04-09 18:29:40] [[32minfo[39m] [server] Server started on port 8080
[2023-04-09 18:29:41] [[32minfo[39m] [mongodb.js][onConnected] Connected to mongoDB  Atlas!
[2023-04-09 18:30:26] [[32minfo[39m] [2023-04-09T11:30:26.849Z] GET /staffs
[2023-04-09 18:30:26] [[34mdebug[39m] staffs.find
[2023-04-09 18:33:12] [[32minfo[39m] [2023-04-09T11:33:12.459Z] PUT /actions/
[2023-04-09 18:33:27] [[32minfo[39m] [2023-04-09T11:33:27.693Z] DELETE /actions/
[2023-04-09 18:33:51] [[32minfo[39m] [server] Server started on port 8080
[2023-04-09 18:33:52] [[32minfo[39m] [mongodb.js][onConnected] Connected to mongoDB  Atlas!
[2023-04-09 18:34:01] [[32minfo[39m] [server] Server started on port 8080
[2023-04-09 18:34:02] [[32minfo[39m] [mongodb.js][onConnected] Connected to mongoDB  Atlas!
[2023-04-09 18:34:04] [[32minfo[39m] [server] Server started on port 8080
[2023-04-09 18:34:05] [[32minfo[39m] [server] Server started on port 8080
[2023-04-09 18:34:06] [[32minfo[39m] [mongodb.js][onConnected] Connected to mongoDB  Atlas!
[2023-04-09 18:34:43] [[32minfo[39m] [server] Server started on port 8080
[2023-04-09 18:34:44] [[32minfo[39m] [mongodb.js][onConnected] Connected to mongoDB  Atlas!
[2023-04-09 18:34:48] [[32minfo[39m] [2023-04-09T11:34:48.389Z] DELETE /actions/
[2023-04-09 18:34:48] [[31merror[39m] [server] url: /actions/ not found
[2023-04-09 18:35:05] [[32minfo[39m] [2023-04-09T11:35:05.254Z] DELETE /actions/as
[2023-04-09 19:25:35] [[32minfo[39m] [2023-04-09T12:25:35.163Z] GET /notifications/
[2023-04-09 19:25:35] [[34mdebug[39m] notifications.find
[2023-04-09 19:26:21] [[32minfo[39m] [2023-04-09T12:26:21.690Z] GET /rules/3
[2023-04-09 19:26:21] [[31merror[39m] [ruleController.js][getById] error: CastError: Cast to ObjectId failed for value "3" (type string) at path "_id" for model "rules"
[2023-04-09 19:26:28] [[32minfo[39m] [2023-04-09T12:26:28.625Z] GET /rules
[2023-04-09 19:26:28] [[34mdebug[39m] rules.find
[2023-04-09 19:43:57] [[32minfo[39m] [mongodb.js][onConnected] Connected to mongoDB  Atlas!
[2023-04-09 19:43:57] [[33mwarn[39m] [mongodb.js][onReconnected] MongoDB Atlas reconnected!
[2023-04-09 20:23:46] [[32minfo[39m] [2023-04-09T13:23:46.732Z] POST /rules
[2023-04-09 20:23:46] [[34mdebug[39m] rules.insertOne
[2023-04-09 20:23:59] [[32minfo[39m] [2023-04-09T13:23:59.179Z] PUT /rules/6432bc62c9523d0df83ba210
[2023-04-09 20:23:59] [[34mdebug[39m] rules.findOneAndUpdate
[2023-04-09 20:24:11] [[32minfo[39m] [2023-04-09T13:24:11.569Z] GET /staffs
[2023-04-09 20:24:11] [[34mdebug[39m] staffs.find
